22-Jun-2023 19:47:18.056 INFO [main] org.apache.catalina.startup.VersionLoggerListener.log Server version name:   Apache Tomcat/10.0.23
22-Jun-2023 19:47:18.064 INFO [main] org.apache.catalina.startup.VersionLoggerListener.log Server built:          Jul 14 2022 08:16:11 UTC
22-Jun-2023 19:47:18.075 INFO [main] org.apache.catalina.startup.VersionLoggerListener.log Server version number: 10.0.23.0
22-Jun-2023 19:47:18.079 INFO [main] org.apache.catalina.startup.VersionLoggerListener.log OS Name:               Windows 10
22-Jun-2023 19:47:18.097 INFO [main] org.apache.catalina.startup.VersionLoggerListener.log OS Version:            10.0
22-Jun-2023 19:47:18.099 INFO [main] org.apache.catalina.startup.VersionLoggerListener.log Architecture:          amd64
22-Jun-2023 19:47:18.101 INFO [main] org.apache.catalina.startup.VersionLoggerListener.log Java Home:             C:\Program Files\Java\jdk-19
22-Jun-2023 19:47:18.102 INFO [main] org.apache.catalina.startup.VersionLoggerListener.log JVM Version:           19.0.1+10-21
22-Jun-2023 19:47:18.103 INFO [main] org.apache.catalina.startup.VersionLoggerListener.log JVM Vendor:            Oracle Corporation
22-Jun-2023 19:47:18.105 INFO [main] org.apache.catalina.startup.VersionLoggerListener.log CATALINA_BASE:         C:\Users\Douglas\OneDrive\Documents\summer23\databases\apache-tomcat-10.0.23\apache-tomcat-10.0.23
22-Jun-2023 19:47:18.106 INFO [main] org.apache.catalina.startup.VersionLoggerListener.log CATALINA_HOME:         C:\Users\Douglas\OneDrive\Documents\summer23\databases\apache-tomcat-10.0.23\apache-tomcat-10.0.23
22-Jun-2023 19:47:18.144 INFO [main] org.apache.catalina.startup.VersionLoggerListener.log Command line argument: --add-opens=java.base/java.lang=ALL-UNNAMED
22-Jun-2023 19:47:18.145 INFO [main] org.apache.catalina.startup.VersionLoggerListener.log Command line argument: --add-opens=java.base/java.io=ALL-UNNAMED
22-Jun-2023 19:47:18.146 INFO [main] org.apache.catalina.startup.VersionLoggerListener.log Command line argument: --add-opens=java.base/java.util=ALL-UNNAMED
22-Jun-2023 19:47:18.152 INFO [main] org.apache.catalina.startup.VersionLoggerListener.log Command line argument: --add-opens=java.base/java.util.concurrent=ALL-UNNAMED
22-Jun-2023 19:47:18.154 INFO [main] org.apache.catalina.startup.VersionLoggerListener.log Command line argument: --add-opens=java.rmi/sun.rmi.transport=ALL-UNNAMED
22-Jun-2023 19:47:18.155 INFO [main] org.apache.catalina.startup.VersionLoggerListener.log Command line argument: -Djava.util.logging.config.file=C:\Users\Douglas\OneDrive\Documents\summer23\databases\apache-tomcat-10.0.23\apache-tomcat-10.0.23\conf\logging.properties
22-Jun-2023 19:47:18.157 INFO [main] org.apache.catalina.startup.VersionLoggerListener.log Command line argument: -Djava.util.logging.manager=org.apache.juli.ClassLoaderLogManager
22-Jun-2023 19:47:18.159 INFO [main] org.apache.catalina.startup.VersionLoggerListener.log Command line argument: -Djdk.tls.ephemeralDHKeySize=2048
22-Jun-2023 19:47:18.161 INFO [main] org.apache.catalina.startup.VersionLoggerListener.log Command line argument: -Djava.protocol.handler.pkgs=org.apache.catalina.webresources
22-Jun-2023 19:47:18.164 INFO [main] org.apache.catalina.startup.VersionLoggerListener.log Command line argument: -Dignore.endorsed.dirs=
22-Jun-2023 19:47:18.170 INFO [main] org.apache.catalina.startup.VersionLoggerListener.log Command line argument: -Dcatalina.base=C:\Users\Douglas\OneDrive\Documents\summer23\databases\apache-tomcat-10.0.23\apache-tomcat-10.0.23
22-Jun-2023 19:47:18.171 INFO [main] org.apache.catalina.startup.VersionLoggerListener.log Command line argument: -Dcatalina.home=C:\Users\Douglas\OneDrive\Documents\summer23\databases\apache-tomcat-10.0.23\apache-tomcat-10.0.23
22-Jun-2023 19:47:18.182 INFO [main] org.apache.catalina.startup.VersionLoggerListener.log Command line argument: -Djava.io.tmpdir=C:\Users\Douglas\OneDrive\Documents\summer23\databases\apache-tomcat-10.0.23\apache-tomcat-10.0.23\temp
22-Jun-2023 19:47:18.229 INFO [main] org.apache.catalina.core.AprLifecycleListener.lifecycleEvent The Apache Tomcat Native library which allows using OpenSSL was not found on the java.library.path: [C:\Program Files\Java\jdk-19\bin;C:\WINDOWS\Sun\Java\bin;C:\WINDOWS\system32;C:\WINDOWS;C:\Program Files\Java\jdk-19\bin;C:\oraclexe\app\oracle\product\11.2.0\server\bin;C:\WINDOWS\system32;C:\WINDOWS;C:\WINDOWS\System32\Wbem;C:\WINDOWS\System32\WindowsPowerShell\v1.0\;C:\WINDOWS\System32\OpenSSH\;C:\Gradle\gradle-6.3\bin;C:\MinGW\bin;C:\Program Files\Microsoft SQL Server\150\Tools\Binn\;C:\Program Files\dotnet\;C:\Users\Douglas\Documents\FFMPEG\ffmpeg-6.0-essentials_build\bin;C:\Program Files\Git\cmd;C:\Users\Douglas\AppData\Local\Programs\Python\Python310\Scripts\;C:\Users\Douglas\AppData\Local\Programs\Python\Python310\;C:\Users\Douglas\AppData\Local\Programs\Python\Python311\Scripts\;C:\Users\Douglas\AppData\Local\Programs\Python\Python311\;C:\Users\Douglas\.cargo\bin;C:\Users\Douglas\anaconda3;C:\Users\Douglas\anaconda3\Library\mingw-w64\bin;C:\Users\Douglas\anaconda3\Library\usr\bin;C:\Users\Douglas\anaconda3\Library\bin;C:\Users\Douglas\anaconda3\Scripts;C:\Users\Douglas\AppData\Local\Programs\Python\Python39\Scripts\;C:\Users\Douglas\AppData\Local\Programs\Python\Python39\;C:\Users\Douglas\AppData\Local\Microsoft\WindowsApps;C:\Users\Douglas\AppData\Roaming\Dashlane\6.1907.0.17833\bin\Firefox_Extension\{442718d9-475e-452a-b3e1-fb1ee16b8e9f}\components;C:\Users\Douglas\AppData\Roaming\Dashlane\6.1907.0.17833\ucrt;C:\Users\Douglas\AppData\Roaming\Dashlane\6.1907.0.17833\bin\Qt;C:\Users\Douglas\AppData\Roaming\Dashlane\6.1907.0.17833\bin\Ssl;C:\Program Files\JetBrains\IntelliJ IDEA Community Edition 2020.1.4\bin;C:\Users\Douglas\AppData\Local\Microsoft\WindowsApps;C:\Program Files\heroku\bin;C:\Users\Douglas\AppData\Local\GitHubDesktop\bin;C:\Users\Douglas\go\bin;C:\Users\Douglas\go\bin;C:\Users\Douglas\AppData\Local\Programs\Microsoft VS Code\bin;C:\Program Files\Java\jd;C:\Program Files\JetBrains\PyCharm Community Edition 2022.3.2\bin;;C:\Users\Douglas\AppData\Local\Programs\Julia-1.8.5\bin;C:\Python27;C:\Users\Douglas\.dotnet\tools;.]
22-Jun-2023 19:47:19.283 INFO [main] org.apache.coyote.AbstractProtocol.init Initializing ProtocolHandler ["http-nio-8080"]
22-Jun-2023 19:47:19.383 INFO [main] org.apache.catalina.startup.Catalina.load Server initialization in [1663] milliseconds
22-Jun-2023 19:47:19.519 INFO [main] org.apache.catalina.core.StandardService.startInternal Starting service [Catalina]
22-Jun-2023 19:47:19.520 INFO [main] org.apache.catalina.core.StandardEngine.startInternal Starting Servlet engine: [Apache Tomcat/10.0.23]
22-Jun-2023 19:47:19.576 INFO [main] org.apache.catalina.startup.HostConfig.deployDirectory Deploying web application directory [C:\Users\Douglas\OneDrive\Documents\summer23\databases\apache-tomcat-10.0.23\apache-tomcat-10.0.23\webapps\AwardIdsJSP]
22-Jun-2023 19:47:22.308 INFO [main] org.apache.jasper.servlet.TldScanner.scanJars At least one JAR was scanned for TLDs yet contained no TLDs. Enable debug logging for this logger for a complete list of JARs that were scanned but no TLDs were found in them. Skipping unneeded JARs during scanning can improve startup time and JSP compilation time.
22-Jun-2023 19:47:22.561 WARNING [main] org.apache.catalina.util.SessionIdGeneratorBase.createSecureRandom Creation of SecureRandom instance for session ID generation using [SHA1PRNG] took [185] milliseconds.
22-Jun-2023 19:47:22.630 INFO [main] org.apache.catalina.startup.HostConfig.deployDirectory Deployment of web application directory [C:\Users\Douglas\OneDrive\Documents\summer23\databases\apache-tomcat-10.0.23\apache-tomcat-10.0.23\webapps\AwardIdsJSP] has finished in [3,054] ms
22-Jun-2023 19:47:22.632 INFO [main] org.apache.catalina.startup.HostConfig.deployDirectory Deploying web application directory [C:\Users\Douglas\OneDrive\Documents\summer23\databases\apache-tomcat-10.0.23\apache-tomcat-10.0.23\webapps\docs]
22-Jun-2023 19:47:24.205 INFO [main] org.apache.jasper.servlet.TldScanner.scanJars At least one JAR was scanned for TLDs yet contained no TLDs. Enable debug logging for this logger for a complete list of JARs that were scanned but no TLDs were found in them. Skipping unneeded JARs during scanning can improve startup time and JSP compilation time.
22-Jun-2023 19:47:24.222 INFO [main] org.apache.catalina.startup.HostConfig.deployDirectory Deployment of web application directory [C:\Users\Douglas\OneDrive\Documents\summer23\databases\apache-tomcat-10.0.23\apache-tomcat-10.0.23\webapps\docs] has finished in [1,590] ms
22-Jun-2023 19:47:24.225 INFO [main] org.apache.catalina.startup.HostConfig.deployDirectory Deploying web application directory [C:\Users\Douglas\OneDrive\Documents\summer23\databases\apache-tomcat-10.0.23\apache-tomcat-10.0.23\webapps\examples]
22-Jun-2023 19:47:27.100 INFO [main] org.apache.jasper.servlet.TldScanner.scanJars At least one JAR was scanned for TLDs yet contained no TLDs. Enable debug logging for this logger for a complete list of JARs that were scanned but no TLDs were found in them. Skipping unneeded JARs during scanning can improve startup time and JSP compilation time.
22-Jun-2023 19:47:27.325 INFO [main] org.apache.catalina.startup.HostConfig.deployDirectory Deployment of web application directory [C:\Users\Douglas\OneDrive\Documents\summer23\databases\apache-tomcat-10.0.23\apache-tomcat-10.0.23\webapps\examples] has finished in [3,100] ms
22-Jun-2023 19:47:27.327 INFO [main] org.apache.catalina.startup.HostConfig.deployDirectory Deploying web application directory [C:\Users\Douglas\OneDrive\Documents\summer23\databases\apache-tomcat-10.0.23\apache-tomcat-10.0.23\webapps\FlightDetailsJSP]
22-Jun-2023 19:47:28.915 INFO [main] org.apache.jasper.servlet.TldScanner.scanJars At least one JAR was scanned for TLDs yet contained no TLDs. Enable debug logging for this logger for a complete list of JARs that were scanned but no TLDs were found in them. Skipping unneeded JARs during scanning can improve startup time and JSP compilation time.
22-Jun-2023 19:47:28.933 INFO [main] org.apache.catalina.startup.HostConfig.deployDirectory Deployment of web application directory [C:\Users\Douglas\OneDrive\Documents\summer23\databases\apache-tomcat-10.0.23\apache-tomcat-10.0.23\webapps\FlightDetailsJSP] has finished in [1,605] ms
22-Jun-2023 19:47:28.936 INFO [main] org.apache.catalina.startup.HostConfig.deployDirectory Deploying web application directory [C:\Users\Douglas\OneDrive\Documents\summer23\databases\apache-tomcat-10.0.23\apache-tomcat-10.0.23\webapps\FlightsJSP]
22-Jun-2023 19:47:30.347 INFO [main] org.apache.jasper.servlet.TldScanner.scanJars At least one JAR was scanned for TLDs yet contained no TLDs. Enable debug logging for this logger for a complete list of JARs that were scanned but no TLDs were found in them. Skipping unneeded JARs during scanning can improve startup time and JSP compilation time.
22-Jun-2023 19:47:30.378 INFO [main] org.apache.catalina.startup.HostConfig.deployDirectory Deployment of web application directory [C:\Users\Douglas\OneDrive\Documents\summer23\databases\apache-tomcat-10.0.23\apache-tomcat-10.0.23\webapps\FlightsJSP] has finished in [1,442] ms
22-Jun-2023 19:47:30.380 INFO [main] org.apache.catalina.startup.HostConfig.deployDirectory Deploying web application directory [C:\Users\Douglas\OneDrive\Documents\summer23\databases\apache-tomcat-10.0.23\apache-tomcat-10.0.23\webapps\FrequentFlyer]
22-Jun-2023 19:47:31.785 INFO [main] org.apache.jasper.servlet.TldScanner.scanJars At least one JAR was scanned for TLDs yet contained no TLDs. Enable debug logging for this logger for a complete list of JARs that were scanned but no TLDs were found in them. Skipping unneeded JARs during scanning can improve startup time and JSP compilation time.
22-Jun-2023 19:47:31.802 INFO [main] org.apache.catalina.startup.HostConfig.deployDirectory Deployment of web application directory [C:\Users\Douglas\OneDrive\Documents\summer23\databases\apache-tomcat-10.0.23\apache-tomcat-10.0.23\webapps\FrequentFlyer] has finished in [1,423] ms
22-Jun-2023 19:47:31.803 INFO [main] org.apache.catalina.startup.HostConfig.deployDirectory Deploying web application directory [C:\Users\Douglas\OneDrive\Documents\summer23\databases\apache-tomcat-10.0.23\apache-tomcat-10.0.23\webapps\GetPassengeridsJSP]
22-Jun-2023 19:47:33.237 INFO [main] org.apache.jasper.servlet.TldScanner.scanJars At least one JAR was scanned for TLDs yet contained no TLDs. Enable debug logging for this logger for a complete list of JARs that were scanned but no TLDs were found in them. Skipping unneeded JARs during scanning can improve startup time and JSP compilation time.
22-Jun-2023 19:47:33.254 INFO [main] org.apache.catalina.startup.HostConfig.deployDirectory Deployment of web application directory [C:\Users\Douglas\OneDrive\Documents\summer23\databases\apache-tomcat-10.0.23\apache-tomcat-10.0.23\webapps\GetPassengeridsJSP] has finished in [1,450] ms
22-Jun-2023 19:47:33.256 INFO [main] org.apache.catalina.startup.HostConfig.deployDirectory Deploying web application directory [C:\Users\Douglas\OneDrive\Documents\summer23\databases\apache-tomcat-10.0.23\apache-tomcat-10.0.23\webapps\host-manager]
22-Jun-2023 19:47:35.037 INFO [main] org.apache.jasper.servlet.TldScanner.scanJars At least one JAR was scanned for TLDs yet contained no TLDs. Enable debug logging for this logger for a complete list of JARs that were scanned but no TLDs were found in them. Skipping unneeded JARs during scanning can improve startup time and JSP compilation time.
22-Jun-2023 19:47:35.065 INFO [main] org.apache.catalina.startup.HostConfig.deployDirectory Deployment of web application directory [C:\Users\Douglas\OneDrive\Documents\summer23\databases\apache-tomcat-10.0.23\apache-tomcat-10.0.23\webapps\host-manager] has finished in [1,810] ms
22-Jun-2023 19:47:35.066 INFO [main] org.apache.catalina.startup.HostConfig.deployDirectory Deploying web application directory [C:\Users\Douglas\OneDrive\Documents\summer23\databases\apache-tomcat-10.0.23\apache-tomcat-10.0.23\webapps\InfoJSP]
22-Jun-2023 19:47:36.459 INFO [main] org.apache.jasper.servlet.TldScanner.scanJars At least one JAR was scanned for TLDs yet contained no TLDs. Enable debug logging for this logger for a complete list of JARs that were scanned but no TLDs were found in them. Skipping unneeded JARs during scanning can improve startup time and JSP compilation time.
22-Jun-2023 19:47:36.475 INFO [main] org.apache.catalina.startup.HostConfig.deployDirectory Deployment of web application directory [C:\Users\Douglas\OneDrive\Documents\summer23\databases\apache-tomcat-10.0.23\apache-tomcat-10.0.23\webapps\InfoJSP] has finished in [1,408] ms
22-Jun-2023 19:47:36.476 INFO [main] org.apache.catalina.startup.HostConfig.deployDirectory Deploying web application directory [C:\Users\Douglas\OneDrive\Documents\summer23\databases\apache-tomcat-10.0.23\apache-tomcat-10.0.23\webapps\manager]
22-Jun-2023 19:47:37.932 INFO [main] org.apache.jasper.servlet.TldScanner.scanJars At least one JAR was scanned for TLDs yet contained no TLDs. Enable debug logging for this logger for a complete list of JARs that were scanned but no TLDs were found in them. Skipping unneeded JARs during scanning can improve startup time and JSP compilation time.
22-Jun-2023 19:47:37.956 INFO [main] org.apache.catalina.startup.HostConfig.deployDirectory Deployment of web application directory [C:\Users\Douglas\OneDrive\Documents\summer23\databases\apache-tomcat-10.0.23\apache-tomcat-10.0.23\webapps\manager] has finished in [1,479] ms
22-Jun-2023 19:47:37.957 INFO [main] org.apache.catalina.startup.HostConfig.deployDirectory Deploying web application directory [C:\Users\Douglas\OneDrive\Documents\summer23\databases\apache-tomcat-10.0.23\apache-tomcat-10.0.23\webapps\RedemptionDetailsJSP]
22-Jun-2023 19:47:39.262 INFO [main] org.apache.jasper.servlet.TldScanner.scanJars At least one JAR was scanned for TLDs yet contained no TLDs. Enable debug logging for this logger for a complete list of JARs that were scanned but no TLDs were found in them. Skipping unneeded JARs during scanning can improve startup time and JSP compilation time.
22-Jun-2023 19:47:39.278 INFO [main] org.apache.catalina.startup.HostConfig.deployDirectory Deployment of web application directory [C:\Users\Douglas\OneDrive\Documents\summer23\databases\apache-tomcat-10.0.23\apache-tomcat-10.0.23\webapps\RedemptionDetailsJSP] has finished in [1,322] ms
22-Jun-2023 19:47:39.284 INFO [main] org.apache.catalina.startup.HostConfig.deployDirectory Deploying web application directory [C:\Users\Douglas\OneDrive\Documents\summer23\databases\apache-tomcat-10.0.23\apache-tomcat-10.0.23\webapps\ROOT]
22-Jun-2023 19:47:40.811 INFO [main] org.apache.jasper.servlet.TldScanner.scanJars At least one JAR was scanned for TLDs yet contained no TLDs. Enable debug logging for this logger for a complete list of JARs that were scanned but no TLDs were found in them. Skipping unneeded JARs during scanning can improve startup time and JSP compilation time.
22-Jun-2023 19:47:40.830 INFO [main] org.apache.catalina.startup.HostConfig.deployDirectory Deployment of web application directory [C:\Users\Douglas\OneDrive\Documents\summer23\databases\apache-tomcat-10.0.23\apache-tomcat-10.0.23\webapps\ROOT] has finished in [1,546] ms
22-Jun-2023 19:47:40.831 INFO [main] org.apache.catalina.startup.HostConfig.deployDirectory Deploying web application directory [C:\Users\Douglas\OneDrive\Documents\summer23\databases\apache-tomcat-10.0.23\apache-tomcat-10.0.23\webapps\TransferPointsJSP]
22-Jun-2023 19:47:42.336 INFO [main] org.apache.jasper.servlet.TldScanner.scanJars At least one JAR was scanned for TLDs yet contained no TLDs. Enable debug logging for this logger for a complete list of JARs that were scanned but no TLDs were found in them. Skipping unneeded JARs during scanning can improve startup time and JSP compilation time.
22-Jun-2023 19:47:42.359 INFO [main] org.apache.catalina.startup.HostConfig.deployDirectory Deployment of web application directory [C:\Users\Douglas\OneDrive\Documents\summer23\databases\apache-tomcat-10.0.23\apache-tomcat-10.0.23\webapps\TransferPointsJSP] has finished in [1,528] ms
22-Jun-2023 19:47:42.375 INFO [main] org.apache.coyote.AbstractProtocol.start Starting ProtocolHandler ["http-nio-8080"]
22-Jun-2023 19:47:42.668 INFO [main] org.apache.catalina.startup.Catalina.start Server startup in [23277] milliseconds
22-Jun-2023 19:55:25.370 INFO [Catalina-utility-1] org.apache.catalina.startup.HostConfig.undeploy Undeploying context [/TransferPointsJSP]
22-Jun-2023 19:55:45.071 INFO [main] org.apache.catalina.core.StandardServer.await A valid shutdown command was received via the shutdown port. Stopping the Server instance.
22-Jun-2023 19:55:45.072 INFO [main] org.apache.coyote.AbstractProtocol.pause Pausing ProtocolHandler ["http-nio-8080"]
22-Jun-2023 19:55:45.124 INFO [main] org.apache.catalina.core.StandardService.stopInternal Stopping service [Catalina]
22-Jun-2023 19:55:45.195 WARNING [main] org.apache.catalina.loader.WebappClassLoaderBase.clearReferencesThreads The web application [GetPassengeridsJSP] appears to have started a thread named [oracle.jdbc.driver.BlockSource.ThreadedCachingBlockSource.BlockReleaser] but has failed to stop it. This is very likely to create a memory leak. Stack trace of thread:
 java.base/java.lang.Object.wait0(Native Method)
 java.base/java.lang.Object.wait(Object.java:366)
 oracle.jdbc.driver.BlockSource$ThreadedCachingBlockSource$BlockReleaser.run(BlockSource.java:331)
22-Jun-2023 19:55:45.196 WARNING [main] org.apache.catalina.loader.WebappClassLoaderBase.clearReferencesThreads The web application [GetPassengeridsJSP] appears to have started a thread named [InterruptTimer] but has failed to stop it. This is very likely to create a memory leak. Stack trace of thread:
 java.base/java.lang.Object.wait0(Native Method)
 java.base/java.lang.Object.wait(Object.java:366)
 java.base/java.util.TimerThread.mainLoop(Timer.java:563)
 java.base/java.util.TimerThread.run(Timer.java:516)
22-Jun-2023 19:55:45.263 INFO [main] org.apache.coyote.AbstractProtocol.stop Stopping ProtocolHandler ["http-nio-8080"]
22-Jun-2023 19:55:45.275 INFO [main] org.apache.coyote.AbstractProtocol.destroy Destroying ProtocolHandler ["http-nio-8080"]
22-Jun-2023 19:55:47.833 INFO [main] org.apache.catalina.startup.VersionLoggerListener.log Server version name:   Apache Tomcat/10.0.23
22-Jun-2023 19:55:47.843 INFO [main] org.apache.catalina.startup.VersionLoggerListener.log Server built:          Jul 14 2022 08:16:11 UTC
22-Jun-2023 19:55:47.844 INFO [main] org.apache.catalina.startup.VersionLoggerListener.log Server version number: 10.0.23.0
22-Jun-2023 19:55:47.846 INFO [main] org.apache.catalina.startup.VersionLoggerListener.log OS Name:               Windows 10
22-Jun-2023 19:55:47.846 INFO [main] org.apache.catalina.startup.VersionLoggerListener.log OS Version:            10.0
22-Jun-2023 19:55:47.847 INFO [main] org.apache.catalina.startup.VersionLoggerListener.log Architecture:          amd64
22-Jun-2023 19:55:47.848 INFO [main] org.apache.catalina.startup.VersionLoggerListener.log Java Home:             C:\Program Files\Java\jdk-19
22-Jun-2023 19:55:47.850 INFO [main] org.apache.catalina.startup.VersionLoggerListener.log JVM Version:           19.0.1+10-21
22-Jun-2023 19:55:47.851 INFO [main] org.apache.catalina.startup.VersionLoggerListener.log JVM Vendor:            Oracle Corporation
22-Jun-2023 19:55:47.851 INFO [main] org.apache.catalina.startup.VersionLoggerListener.log CATALINA_BASE:         C:\Users\Douglas\OneDrive\Documents\summer23\databases\apache-tomcat-10.0.23\apache-tomcat-10.0.23
22-Jun-2023 19:55:47.851 INFO [main] org.apache.catalina.startup.VersionLoggerListener.log CATALINA_HOME:         C:\Users\Douglas\OneDrive\Documents\summer23\databases\apache-tomcat-10.0.23\apache-tomcat-10.0.23
22-Jun-2023 19:55:47.868 INFO [main] org.apache.catalina.startup.VersionLoggerListener.log Command line argument: --add-opens=java.base/java.lang=ALL-UNNAMED
22-Jun-2023 19:55:47.870 INFO [main] org.apache.catalina.startup.VersionLoggerListener.log Command line argument: --add-opens=java.base/java.io=ALL-UNNAMED
22-Jun-2023 19:55:47.871 INFO [main] org.apache.catalina.startup.VersionLoggerListener.log Command line argument: --add-opens=java.base/java.util=ALL-UNNAMED
22-Jun-2023 19:55:47.871 INFO [main] org.apache.catalina.startup.VersionLoggerListener.log Command line argument: --add-opens=java.base/java.util.concurrent=ALL-UNNAMED
22-Jun-2023 19:55:47.873 INFO [main] org.apache.catalina.startup.VersionLoggerListener.log Command line argument: --add-opens=java.rmi/sun.rmi.transport=ALL-UNNAMED
22-Jun-2023 19:55:47.874 INFO [main] org.apache.catalina.startup.VersionLoggerListener.log Command line argument: -Djava.util.logging.config.file=C:\Users\Douglas\OneDrive\Documents\summer23\databases\apache-tomcat-10.0.23\apache-tomcat-10.0.23\conf\logging.properties
22-Jun-2023 19:55:47.874 INFO [main] org.apache.catalina.startup.VersionLoggerListener.log Command line argument: -Djava.util.logging.manager=org.apache.juli.ClassLoaderLogManager
22-Jun-2023 19:55:47.875 INFO [main] org.apache.catalina.startup.VersionLoggerListener.log Command line argument: -Djdk.tls.ephemeralDHKeySize=2048
22-Jun-2023 19:55:47.877 INFO [main] org.apache.catalina.startup.VersionLoggerListener.log Command line argument: -Djava.protocol.handler.pkgs=org.apache.catalina.webresources
22-Jun-2023 19:55:47.879 INFO [main] org.apache.catalina.startup.VersionLoggerListener.log Command line argument: -Dignore.endorsed.dirs=
22-Jun-2023 19:55:47.881 INFO [main] org.apache.catalina.startup.VersionLoggerListener.log Command line argument: -Dcatalina.base=C:\Users\Douglas\OneDrive\Documents\summer23\databases\apache-tomcat-10.0.23\apache-tomcat-10.0.23
22-Jun-2023 19:55:47.882 INFO [main] org.apache.catalina.startup.VersionLoggerListener.log Command line argument: -Dcatalina.home=C:\Users\Douglas\OneDrive\Documents\summer23\databases\apache-tomcat-10.0.23\apache-tomcat-10.0.23
22-Jun-2023 19:55:47.883 INFO [main] org.apache.catalina.startup.VersionLoggerListener.log Command line argument: -Djava.io.tmpdir=C:\Users\Douglas\OneDrive\Documents\summer23\databases\apache-tomcat-10.0.23\apache-tomcat-10.0.23\temp
22-Jun-2023 19:55:47.909 INFO [main] org.apache.catalina.core.AprLifecycleListener.lifecycleEvent The Apache Tomcat Native library which allows using OpenSSL was not found on the java.library.path: [C:\Program Files\Java\jdk-19\bin;C:\WINDOWS\Sun\Java\bin;C:\WINDOWS\system32;C:\WINDOWS;C:\Program Files\Java\jdk-19\bin;C:\oraclexe\app\oracle\product\11.2.0\server\bin;C:\WINDOWS\system32;C:\WINDOWS;C:\WINDOWS\System32\Wbem;C:\WINDOWS\System32\WindowsPowerShell\v1.0\;C:\WINDOWS\System32\OpenSSH\;C:\Gradle\gradle-6.3\bin;C:\MinGW\bin;C:\Program Files\Microsoft SQL Server\150\Tools\Binn\;C:\Program Files\dotnet\;C:\Users\Douglas\Documents\FFMPEG\ffmpeg-6.0-essentials_build\bin;C:\Program Files\Git\cmd;C:\Users\Douglas\AppData\Local\Programs\Python\Python310\Scripts\;C:\Users\Douglas\AppData\Local\Programs\Python\Python310\;C:\Users\Douglas\AppData\Local\Programs\Python\Python311\Scripts\;C:\Users\Douglas\AppData\Local\Programs\Python\Python311\;C:\Users\Douglas\.cargo\bin;C:\Users\Douglas\anaconda3;C:\Users\Douglas\anaconda3\Library\mingw-w64\bin;C:\Users\Douglas\anaconda3\Library\usr\bin;C:\Users\Douglas\anaconda3\Library\bin;C:\Users\Douglas\anaconda3\Scripts;C:\Users\Douglas\AppData\Local\Programs\Python\Python39\Scripts\;C:\Users\Douglas\AppData\Local\Programs\Python\Python39\;C:\Users\Douglas\AppData\Local\Microsoft\WindowsApps;C:\Users\Douglas\AppData\Roaming\Dashlane\6.1907.0.17833\bin\Firefox_Extension\{442718d9-475e-452a-b3e1-fb1ee16b8e9f}\components;C:\Users\Douglas\AppData\Roaming\Dashlane\6.1907.0.17833\ucrt;C:\Users\Douglas\AppData\Roaming\Dashlane\6.1907.0.17833\bin\Qt;C:\Users\Douglas\AppData\Roaming\Dashlane\6.1907.0.17833\bin\Ssl;C:\Program Files\JetBrains\IntelliJ IDEA Community Edition 2020.1.4\bin;C:\Users\Douglas\AppData\Local\Microsoft\WindowsApps;C:\Program Files\heroku\bin;C:\Users\Douglas\AppData\Local\GitHubDesktop\bin;C:\Users\Douglas\go\bin;C:\Users\Douglas\go\bin;C:\Users\Douglas\AppData\Local\Programs\Microsoft VS Code\bin;C:\Program Files\Java\jd;C:\Program Files\JetBrains\PyCharm Community Edition 2022.3.2\bin;;C:\Users\Douglas\AppData\Local\Programs\Julia-1.8.5\bin;C:\Python27;C:\Users\Douglas\.dotnet\tools;.]
22-Jun-2023 19:55:48.663 INFO [main] org.apache.coyote.AbstractProtocol.init Initializing ProtocolHandler ["http-nio-8080"]
22-Jun-2023 19:55:48.711 INFO [main] org.apache.catalina.startup.Catalina.load Server initialization in [1229] milliseconds
22-Jun-2023 19:55:48.797 INFO [main] org.apache.catalina.core.StandardService.startInternal Starting service [Catalina]
22-Jun-2023 19:55:48.798 INFO [main] org.apache.catalina.core.StandardEngine.startInternal Starting Servlet engine: [Apache Tomcat/10.0.23]
22-Jun-2023 19:55:48.827 INFO [main] org.apache.catalina.startup.HostConfig.deployDirectory Deploying web application directory [C:\Users\Douglas\OneDrive\Documents\summer23\databases\apache-tomcat-10.0.23\apache-tomcat-10.0.23\webapps\AwardIdsJSP]
22-Jun-2023 19:55:50.369 INFO [main] org.apache.jasper.servlet.TldScanner.scanJars At least one JAR was scanned for TLDs yet contained no TLDs. Enable debug logging for this logger for a complete list of JARs that were scanned but no TLDs were found in them. Skipping unneeded JARs during scanning can improve startup time and JSP compilation time.
22-Jun-2023 19:55:50.532 INFO [main] org.apache.catalina.startup.HostConfig.deployDirectory Deployment of web application directory [C:\Users\Douglas\OneDrive\Documents\summer23\databases\apache-tomcat-10.0.23\apache-tomcat-10.0.23\webapps\AwardIdsJSP] has finished in [1,704] ms
22-Jun-2023 19:55:50.534 INFO [main] org.apache.catalina.startup.HostConfig.deployDirectory Deploying web application directory [C:\Users\Douglas\OneDrive\Documents\summer23\databases\apache-tomcat-10.0.23\apache-tomcat-10.0.23\webapps\docs]
22-Jun-2023 19:55:51.621 INFO [main] org.apache.jasper.servlet.TldScanner.scanJars At least one JAR was scanned for TLDs yet contained no TLDs. Enable debug logging for this logger for a complete list of JARs that were scanned but no TLDs were found in them. Skipping unneeded JARs during scanning can improve startup time and JSP compilation time.
22-Jun-2023 19:55:51.634 INFO [main] org.apache.catalina.startup.HostConfig.deployDirectory Deployment of web application directory [C:\Users\Douglas\OneDrive\Documents\summer23\databases\apache-tomcat-10.0.23\apache-tomcat-10.0.23\webapps\docs] has finished in [1,100] ms
22-Jun-2023 19:55:51.635 INFO [main] org.apache.catalina.startup.HostConfig.deployDirectory Deploying web application directory [C:\Users\Douglas\OneDrive\Documents\summer23\databases\apache-tomcat-10.0.23\apache-tomcat-10.0.23\webapps\examples]
22-Jun-2023 19:55:54.977 INFO [main] org.apache.jasper.servlet.TldScanner.scanJars At least one JAR was scanned for TLDs yet contained no TLDs. Enable debug logging for this logger for a complete list of JARs that were scanned but no TLDs were found in them. Skipping unneeded JARs during scanning can improve startup time and JSP compilation time.
22-Jun-2023 19:55:55.232 INFO [main] org.apache.catalina.startup.HostConfig.deployDirectory Deployment of web application directory [C:\Users\Douglas\OneDrive\Documents\summer23\databases\apache-tomcat-10.0.23\apache-tomcat-10.0.23\webapps\examples] has finished in [3,596] ms
22-Jun-2023 19:55:55.233 INFO [main] org.apache.catalina.startup.HostConfig.deployDirectory Deploying web application directory [C:\Users\Douglas\OneDrive\Documents\summer23\databases\apache-tomcat-10.0.23\apache-tomcat-10.0.23\webapps\FlightDetailsJSP]
22-Jun-2023 19:55:56.743 INFO [main] org.apache.jasper.servlet.TldScanner.scanJars At least one JAR was scanned for TLDs yet contained no TLDs. Enable debug logging for this logger for a complete list of JARs that were scanned but no TLDs were found in them. Skipping unneeded JARs during scanning can improve startup time and JSP compilation time.
22-Jun-2023 19:55:56.770 INFO [main] org.apache.catalina.startup.HostConfig.deployDirectory Deployment of web application directory [C:\Users\Douglas\OneDrive\Documents\summer23\databases\apache-tomcat-10.0.23\apache-tomcat-10.0.23\webapps\FlightDetailsJSP] has finished in [1,537] ms
22-Jun-2023 19:55:56.773 INFO [main] org.apache.catalina.startup.HostConfig.deployDirectory Deploying web application directory [C:\Users\Douglas\OneDrive\Documents\summer23\databases\apache-tomcat-10.0.23\apache-tomcat-10.0.23\webapps\FlightsJSP]
22-Jun-2023 19:55:58.428 INFO [main] org.apache.jasper.servlet.TldScanner.scanJars At least one JAR was scanned for TLDs yet contained no TLDs. Enable debug logging for this logger for a complete list of JARs that were scanned but no TLDs were found in them. Skipping unneeded JARs during scanning can improve startup time and JSP compilation time.
22-Jun-2023 19:55:58.451 INFO [main] org.apache.catalina.startup.HostConfig.deployDirectory Deployment of web application directory [C:\Users\Douglas\OneDrive\Documents\summer23\databases\apache-tomcat-10.0.23\apache-tomcat-10.0.23\webapps\FlightsJSP] has finished in [1,678] ms
22-Jun-2023 19:55:58.452 INFO [main] org.apache.catalina.startup.HostConfig.deployDirectory Deploying web application directory [C:\Users\Douglas\OneDrive\Documents\summer23\databases\apache-tomcat-10.0.23\apache-tomcat-10.0.23\webapps\FrequentFlyer]
22-Jun-2023 19:55:59.954 INFO [main] org.apache.jasper.servlet.TldScanner.scanJars At least one JAR was scanned for TLDs yet contained no TLDs. Enable debug logging for this logger for a complete list of JARs that were scanned but no TLDs were found in them. Skipping unneeded JARs during scanning can improve startup time and JSP compilation time.
22-Jun-2023 19:55:59.975 INFO [main] org.apache.catalina.startup.HostConfig.deployDirectory Deployment of web application directory [C:\Users\Douglas\OneDrive\Documents\summer23\databases\apache-tomcat-10.0.23\apache-tomcat-10.0.23\webapps\FrequentFlyer] has finished in [1,523] ms
22-Jun-2023 19:55:59.977 INFO [main] org.apache.catalina.startup.HostConfig.deployDirectory Deploying web application directory [C:\Users\Douglas\OneDrive\Documents\summer23\databases\apache-tomcat-10.0.23\apache-tomcat-10.0.23\webapps\GetPassengeridsJSP]
22-Jun-2023 19:56:01.502 INFO [main] org.apache.jasper.servlet.TldScanner.scanJars At least one JAR was scanned for TLDs yet contained no TLDs. Enable debug logging for this logger for a complete list of JARs that were scanned but no TLDs were found in them. Skipping unneeded JARs during scanning can improve startup time and JSP compilation time.
22-Jun-2023 19:56:01.527 INFO [main] org.apache.catalina.startup.HostConfig.deployDirectory Deployment of web application directory [C:\Users\Douglas\OneDrive\Documents\summer23\databases\apache-tomcat-10.0.23\apache-tomcat-10.0.23\webapps\GetPassengeridsJSP] has finished in [1,549] ms
22-Jun-2023 19:56:01.530 INFO [main] org.apache.catalina.startup.HostConfig.deployDirectory Deploying web application directory [C:\Users\Douglas\OneDrive\Documents\summer23\databases\apache-tomcat-10.0.23\apache-tomcat-10.0.23\webapps\host-manager]
22-Jun-2023 19:56:03.673 INFO [main] org.apache.jasper.servlet.TldScanner.scanJars At least one JAR was scanned for TLDs yet contained no TLDs. Enable debug logging for this logger for a complete list of JARs that were scanned but no TLDs were found in them. Skipping unneeded JARs during scanning can improve startup time and JSP compilation time.
22-Jun-2023 19:56:03.710 INFO [main] org.apache.catalina.startup.HostConfig.deployDirectory Deployment of web application directory [C:\Users\Douglas\OneDrive\Documents\summer23\databases\apache-tomcat-10.0.23\apache-tomcat-10.0.23\webapps\host-manager] has finished in [2,181] ms
22-Jun-2023 19:56:03.711 INFO [main] org.apache.catalina.startup.HostConfig.deployDirectory Deploying web application directory [C:\Users\Douglas\OneDrive\Documents\summer23\databases\apache-tomcat-10.0.23\apache-tomcat-10.0.23\webapps\InfoJSP]
22-Jun-2023 19:56:05.644 INFO [main] org.apache.jasper.servlet.TldScanner.scanJars At least one JAR was scanned for TLDs yet contained no TLDs. Enable debug logging for this logger for a complete list of JARs that were scanned but no TLDs were found in them. Skipping unneeded JARs during scanning can improve startup time and JSP compilation time.
22-Jun-2023 19:56:05.663 INFO [main] org.apache.catalina.startup.HostConfig.deployDirectory Deployment of web application directory [C:\Users\Douglas\OneDrive\Documents\summer23\databases\apache-tomcat-10.0.23\apache-tomcat-10.0.23\webapps\InfoJSP] has finished in [1,951] ms
22-Jun-2023 19:56:05.672 INFO [main] org.apache.catalina.startup.HostConfig.deployDirectory Deploying web application directory [C:\Users\Douglas\OneDrive\Documents\summer23\databases\apache-tomcat-10.0.23\apache-tomcat-10.0.23\webapps\manager]
22-Jun-2023 19:56:07.640 INFO [main] org.apache.jasper.servlet.TldScanner.scanJars At least one JAR was scanned for TLDs yet contained no TLDs. Enable debug logging for this logger for a complete list of JARs that were scanned but no TLDs were found in them. Skipping unneeded JARs during scanning can improve startup time and JSP compilation time.
22-Jun-2023 19:56:07.659 INFO [main] org.apache.catalina.startup.HostConfig.deployDirectory Deployment of web application directory [C:\Users\Douglas\OneDrive\Documents\summer23\databases\apache-tomcat-10.0.23\apache-tomcat-10.0.23\webapps\manager] has finished in [1,988] ms
22-Jun-2023 19:56:07.661 INFO [main] org.apache.catalina.startup.HostConfig.deployDirectory Deploying web application directory [C:\Users\Douglas\OneDrive\Documents\summer23\databases\apache-tomcat-10.0.23\apache-tomcat-10.0.23\webapps\RedemptionDetailsJSP]
22-Jun-2023 19:56:09.514 INFO [main] org.apache.jasper.servlet.TldScanner.scanJars At least one JAR was scanned for TLDs yet contained no TLDs. Enable debug logging for this logger for a complete list of JARs that were scanned but no TLDs were found in them. Skipping unneeded JARs during scanning can improve startup time and JSP compilation time.
22-Jun-2023 19:56:09.542 INFO [main] org.apache.catalina.startup.HostConfig.deployDirectory Deployment of web application directory [C:\Users\Douglas\OneDrive\Documents\summer23\databases\apache-tomcat-10.0.23\apache-tomcat-10.0.23\webapps\RedemptionDetailsJSP] has finished in [1,881] ms
22-Jun-2023 19:56:09.545 INFO [main] org.apache.catalina.startup.HostConfig.deployDirectory Deploying web application directory [C:\Users\Douglas\OneDrive\Documents\summer23\databases\apache-tomcat-10.0.23\apache-tomcat-10.0.23\webapps\ROOT]
22-Jun-2023 19:56:11.762 INFO [main] org.apache.jasper.servlet.TldScanner.scanJars At least one JAR was scanned for TLDs yet contained no TLDs. Enable debug logging for this logger for a complete list of JARs that were scanned but no TLDs were found in them. Skipping unneeded JARs during scanning can improve startup time and JSP compilation time.
22-Jun-2023 19:56:11.793 INFO [main] org.apache.catalina.startup.HostConfig.deployDirectory Deployment of web application directory [C:\Users\Douglas\OneDrive\Documents\summer23\databases\apache-tomcat-10.0.23\apache-tomcat-10.0.23\webapps\ROOT] has finished in [2,249] ms
22-Jun-2023 19:56:11.821 INFO [main] org.apache.coyote.AbstractProtocol.start Starting ProtocolHandler ["http-nio-8080"]
22-Jun-2023 19:56:12.199 INFO [main] org.apache.catalina.startup.Catalina.start Server startup in [23481] milliseconds
22-Jun-2023 19:58:12.397 INFO [Catalina-utility-1] org.apache.catalina.startup.HostConfig.deployDirectory Deploying web application directory [C:\Users\Douglas\OneDrive\Documents\summer23\databases\apache-tomcat-10.0.23\apache-tomcat-10.0.23\webapps\frequentflyer]
22-Jun-2023 19:58:14.300 INFO [Catalina-utility-1] org.apache.jasper.servlet.TldScanner.scanJars At least one JAR was scanned for TLDs yet contained no TLDs. Enable debug logging for this logger for a complete list of JARs that were scanned but no TLDs were found in them. Skipping unneeded JARs during scanning can improve startup time and JSP compilation time.
22-Jun-2023 19:58:14.318 INFO [Catalina-utility-1] org.apache.catalina.startup.HostConfig.deployDirectory Deployment of web application directory [C:\Users\Douglas\OneDrive\Documents\summer23\databases\apache-tomcat-10.0.23\apache-tomcat-10.0.23\webapps\frequentflyer] has finished in [1,921] ms
22-Jun-2023 19:58:19.075 INFO [main] org.apache.catalina.core.StandardServer.await A valid shutdown command was received via the shutdown port. Stopping the Server instance.
22-Jun-2023 19:58:19.076 INFO [main] org.apache.coyote.AbstractProtocol.pause Pausing ProtocolHandler ["http-nio-8080"]
22-Jun-2023 19:58:19.105 INFO [main] org.apache.catalina.core.StandardService.stopInternal Stopping service [Catalina]
22-Jun-2023 19:58:19.278 INFO [main] org.apache.coyote.AbstractProtocol.stop Stopping ProtocolHandler ["http-nio-8080"]
22-Jun-2023 19:58:19.291 INFO [main] org.apache.coyote.AbstractProtocol.destroy Destroying ProtocolHandler ["http-nio-8080"]
22-Jun-2023 19:58:25.145 INFO [main] org.apache.catalina.startup.VersionLoggerListener.log Server version name:   Apache Tomcat/10.0.23
22-Jun-2023 19:58:25.156 INFO [main] org.apache.catalina.startup.VersionLoggerListener.log Server built:          Jul 14 2022 08:16:11 UTC
22-Jun-2023 19:58:25.159 INFO [main] org.apache.catalina.startup.VersionLoggerListener.log Server version number: 10.0.23.0
22-Jun-2023 19:58:25.163 INFO [main] org.apache.catalina.startup.VersionLoggerListener.log OS Name:               Windows 10
22-Jun-2023 19:58:25.165 INFO [main] org.apache.catalina.startup.VersionLoggerListener.log OS Version:            10.0
22-Jun-2023 19:58:25.166 INFO [main] org.apache.catalina.startup.VersionLoggerListener.log Architecture:          amd64
22-Jun-2023 19:58:25.171 INFO [main] org.apache.catalina.startup.VersionLoggerListener.log Java Home:             C:\Program Files\Java\jdk-19
22-Jun-2023 19:58:25.186 INFO [main] org.apache.catalina.startup.VersionLoggerListener.log JVM Version:           19.0.1+10-21
22-Jun-2023 19:58:25.196 INFO [main] org.apache.catalina.startup.VersionLoggerListener.log JVM Vendor:            Oracle Corporation
22-Jun-2023 19:58:25.196 INFO [main] org.apache.catalina.startup.VersionLoggerListener.log CATALINA_BASE:         C:\Users\Douglas\OneDrive\Documents\summer23\databases\apache-tomcat-10.0.23\apache-tomcat-10.0.23
22-Jun-2023 19:58:25.196 INFO [main] org.apache.catalina.startup.VersionLoggerListener.log CATALINA_HOME:         C:\Users\Douglas\OneDrive\Documents\summer23\databases\apache-tomcat-10.0.23\apache-tomcat-10.0.23
22-Jun-2023 19:58:25.209 INFO [main] org.apache.catalina.startup.VersionLoggerListener.log Command line argument: --add-opens=java.base/java.lang=ALL-UNNAMED
22-Jun-2023 19:58:25.209 INFO [main] org.apache.catalina.startup.VersionLoggerListener.log Command line argument: --add-opens=java.base/java.io=ALL-UNNAMED
22-Jun-2023 19:58:25.211 INFO [main] org.apache.catalina.startup.VersionLoggerListener.log Command line argument: --add-opens=java.base/java.util=ALL-UNNAMED
22-Jun-2023 19:58:25.211 INFO [main] org.apache.catalina.startup.VersionLoggerListener.log Command line argument: --add-opens=java.base/java.util.concurrent=ALL-UNNAMED
22-Jun-2023 19:58:25.211 INFO [main] org.apache.catalina.startup.VersionLoggerListener.log Command line argument: --add-opens=java.rmi/sun.rmi.transport=ALL-UNNAMED
22-Jun-2023 19:58:25.213 INFO [main] org.apache.catalina.startup.VersionLoggerListener.log Command line argument: -Djava.util.logging.config.file=C:\Users\Douglas\OneDrive\Documents\summer23\databases\apache-tomcat-10.0.23\apache-tomcat-10.0.23\conf\logging.properties
22-Jun-2023 19:58:25.214 INFO [main] org.apache.catalina.startup.VersionLoggerListener.log Command line argument: -Djava.util.logging.manager=org.apache.juli.ClassLoaderLogManager
22-Jun-2023 19:58:25.221 INFO [main] org.apache.catalina.startup.VersionLoggerListener.log Command line argument: -Djdk.tls.ephemeralDHKeySize=2048
22-Jun-2023 19:58:25.222 INFO [main] org.apache.catalina.startup.VersionLoggerListener.log Command line argument: -Djava.protocol.handler.pkgs=org.apache.catalina.webresources
22-Jun-2023 19:58:25.238 INFO [main] org.apache.catalina.startup.VersionLoggerListener.log Command line argument: -Dignore.endorsed.dirs=
22-Jun-2023 19:58:25.243 INFO [main] org.apache.catalina.startup.VersionLoggerListener.log Command line argument: -Dcatalina.base=C:\Users\Douglas\OneDrive\Documents\summer23\databases\apache-tomcat-10.0.23\apache-tomcat-10.0.23
22-Jun-2023 19:58:25.259 INFO [main] org.apache.catalina.startup.VersionLoggerListener.log Command line argument: -Dcatalina.home=C:\Users\Douglas\OneDrive\Documents\summer23\databases\apache-tomcat-10.0.23\apache-tomcat-10.0.23
22-Jun-2023 19:58:25.270 INFO [main] org.apache.catalina.startup.VersionLoggerListener.log Command line argument: -Djava.io.tmpdir=C:\Users\Douglas\OneDrive\Documents\summer23\databases\apache-tomcat-10.0.23\apache-tomcat-10.0.23\temp
22-Jun-2023 19:58:25.363 INFO [main] org.apache.catalina.core.AprLifecycleListener.lifecycleEvent The Apache Tomcat Native library which allows using OpenSSL was not found on the java.library.path: [C:\Program Files\Java\jdk-19\bin;C:\WINDOWS\Sun\Java\bin;C:\WINDOWS\system32;C:\WINDOWS;C:\Program Files\Java\jdk-19\bin;C:\oraclexe\app\oracle\product\11.2.0\server\bin;C:\WINDOWS\system32;C:\WINDOWS;C:\WINDOWS\System32\Wbem;C:\WINDOWS\System32\WindowsPowerShell\v1.0\;C:\WINDOWS\System32\OpenSSH\;C:\Gradle\gradle-6.3\bin;C:\MinGW\bin;C:\Program Files\Microsoft SQL Server\150\Tools\Binn\;C:\Program Files\dotnet\;C:\Users\Douglas\Documents\FFMPEG\ffmpeg-6.0-essentials_build\bin;C:\Program Files\Git\cmd;C:\Users\Douglas\AppData\Local\Programs\Python\Python310\Scripts\;C:\Users\Douglas\AppData\Local\Programs\Python\Python310\;C:\Users\Douglas\AppData\Local\Programs\Python\Python311\Scripts\;C:\Users\Douglas\AppData\Local\Programs\Python\Python311\;C:\Users\Douglas\.cargo\bin;C:\Users\Douglas\anaconda3;C:\Users\Douglas\anaconda3\Library\mingw-w64\bin;C:\Users\Douglas\anaconda3\Library\usr\bin;C:\Users\Douglas\anaconda3\Library\bin;C:\Users\Douglas\anaconda3\Scripts;C:\Users\Douglas\AppData\Local\Programs\Python\Python39\Scripts\;C:\Users\Douglas\AppData\Local\Programs\Python\Python39\;C:\Users\Douglas\AppData\Local\Microsoft\WindowsApps;C:\Users\Douglas\AppData\Roaming\Dashlane\6.1907.0.17833\bin\Firefox_Extension\{442718d9-475e-452a-b3e1-fb1ee16b8e9f}\components;C:\Users\Douglas\AppData\Roaming\Dashlane\6.1907.0.17833\ucrt;C:\Users\Douglas\AppData\Roaming\Dashlane\6.1907.0.17833\bin\Qt;C:\Users\Douglas\AppData\Roaming\Dashlane\6.1907.0.17833\bin\Ssl;C:\Program Files\JetBrains\IntelliJ IDEA Community Edition 2020.1.4\bin;C:\Users\Douglas\AppData\Local\Microsoft\WindowsApps;C:\Program Files\heroku\bin;C:\Users\Douglas\AppData\Local\GitHubDesktop\bin;C:\Users\Douglas\go\bin;C:\Users\Douglas\go\bin;C:\Users\Douglas\AppData\Local\Programs\Microsoft VS Code\bin;C:\Program Files\Java\jd;C:\Program Files\JetBrains\PyCharm Community Edition 2022.3.2\bin;;C:\Users\Douglas\AppData\Local\Programs\Julia-1.8.5\bin;C:\Python27;C:\Users\Douglas\.dotnet\tools;.]
22-Jun-2023 19:58:26.227 INFO [main] org.apache.coyote.AbstractProtocol.init Initializing ProtocolHandler ["http-nio-8080"]
22-Jun-2023 19:58:26.303 INFO [main] org.apache.catalina.startup.Catalina.load Server initialization in [1664] milliseconds
22-Jun-2023 19:58:26.373 INFO [main] org.apache.catalina.core.StandardService.startInternal Starting service [Catalina]
22-Jun-2023 19:58:26.374 INFO [main] org.apache.catalina.core.StandardEngine.startInternal Starting Servlet engine: [Apache Tomcat/10.0.23]
22-Jun-2023 19:58:26.394 INFO [main] org.apache.catalina.startup.HostConfig.deployDirectory Deploying web application directory [C:\Users\Douglas\OneDrive\Documents\summer23\databases\apache-tomcat-10.0.23\apache-tomcat-10.0.23\webapps\AwardIdsJSP]
22-Jun-2023 19:58:29.090 INFO [main] org.apache.jasper.servlet.TldScanner.scanJars At least one JAR was scanned for TLDs yet contained no TLDs. Enable debug logging for this logger for a complete list of JARs that were scanned but no TLDs were found in them. Skipping unneeded JARs during scanning can improve startup time and JSP compilation time.
22-Jun-2023 19:58:29.374 WARNING [main] org.apache.catalina.util.SessionIdGeneratorBase.createSecureRandom Creation of SecureRandom instance for session ID generation using [SHA1PRNG] took [203] milliseconds.
22-Jun-2023 19:58:29.448 INFO [main] org.apache.catalina.startup.HostConfig.deployDirectory Deployment of web application directory [C:\Users\Douglas\OneDrive\Documents\summer23\databases\apache-tomcat-10.0.23\apache-tomcat-10.0.23\webapps\AwardIdsJSP] has finished in [3,053] ms
22-Jun-2023 19:58:29.461 INFO [main] org.apache.catalina.startup.HostConfig.deployDirectory Deploying web application directory [C:\Users\Douglas\OneDrive\Documents\summer23\databases\apache-tomcat-10.0.23\apache-tomcat-10.0.23\webapps\docs]
22-Jun-2023 19:58:31.372 INFO [main] org.apache.jasper.servlet.TldScanner.scanJars At least one JAR was scanned for TLDs yet contained no TLDs. Enable debug logging for this logger for a complete list of JARs that were scanned but no TLDs were found in them. Skipping unneeded JARs during scanning can improve startup time and JSP compilation time.
22-Jun-2023 19:58:31.386 INFO [main] org.apache.catalina.startup.HostConfig.deployDirectory Deployment of web application directory [C:\Users\Douglas\OneDrive\Documents\summer23\databases\apache-tomcat-10.0.23\apache-tomcat-10.0.23\webapps\docs] has finished in [1,925] ms
22-Jun-2023 19:58:31.388 INFO [main] org.apache.catalina.startup.HostConfig.deployDirectory Deploying web application directory [C:\Users\Douglas\OneDrive\Documents\summer23\databases\apache-tomcat-10.0.23\apache-tomcat-10.0.23\webapps\examples]
22-Jun-2023 19:58:34.736 INFO [main] org.apache.jasper.servlet.TldScanner.scanJars At least one JAR was scanned for TLDs yet contained no TLDs. Enable debug logging for this logger for a complete list of JARs that were scanned but no TLDs were found in them. Skipping unneeded JARs during scanning can improve startup time and JSP compilation time.
22-Jun-2023 19:58:34.974 INFO [main] org.apache.catalina.startup.HostConfig.deployDirectory Deployment of web application directory [C:\Users\Douglas\OneDrive\Documents\summer23\databases\apache-tomcat-10.0.23\apache-tomcat-10.0.23\webapps\examples] has finished in [3,586] ms
22-Jun-2023 19:58:34.976 INFO [main] org.apache.catalina.startup.HostConfig.deployDirectory Deploying web application directory [C:\Users\Douglas\OneDrive\Documents\summer23\databases\apache-tomcat-10.0.23\apache-tomcat-10.0.23\webapps\FlightDetailsJSP]
22-Jun-2023 19:58:36.633 INFO [main] org.apache.jasper.servlet.TldScanner.scanJars At least one JAR was scanned for TLDs yet contained no TLDs. Enable debug logging for this logger for a complete list of JARs that were scanned but no TLDs were found in them. Skipping unneeded JARs during scanning can improve startup time and JSP compilation time.
22-Jun-2023 19:58:36.677 INFO [main] org.apache.catalina.startup.HostConfig.deployDirectory Deployment of web application directory [C:\Users\Douglas\OneDrive\Documents\summer23\databases\apache-tomcat-10.0.23\apache-tomcat-10.0.23\webapps\FlightDetailsJSP] has finished in [1,701] ms
22-Jun-2023 19:58:36.679 INFO [main] org.apache.catalina.startup.HostConfig.deployDirectory Deploying web application directory [C:\Users\Douglas\OneDrive\Documents\summer23\databases\apache-tomcat-10.0.23\apache-tomcat-10.0.23\webapps\FlightsJSP]
22-Jun-2023 19:58:38.177 INFO [main] org.apache.jasper.servlet.TldScanner.scanJars At least one JAR was scanned for TLDs yet contained no TLDs. Enable debug logging for this logger for a complete list of JARs that were scanned but no TLDs were found in them. Skipping unneeded JARs during scanning can improve startup time and JSP compilation time.
22-Jun-2023 19:58:38.195 INFO [main] org.apache.catalina.startup.HostConfig.deployDirectory Deployment of web application directory [C:\Users\Douglas\OneDrive\Documents\summer23\databases\apache-tomcat-10.0.23\apache-tomcat-10.0.23\webapps\FlightsJSP] has finished in [1,516] ms
22-Jun-2023 19:58:38.196 INFO [main] org.apache.catalina.startup.HostConfig.deployDirectory Deploying web application directory [C:\Users\Douglas\OneDrive\Documents\summer23\databases\apache-tomcat-10.0.23\apache-tomcat-10.0.23\webapps\frequentflyer]
22-Jun-2023 19:58:39.588 INFO [main] org.apache.jasper.servlet.TldScanner.scanJars At least one JAR was scanned for TLDs yet contained no TLDs. Enable debug logging for this logger for a complete list of JARs that were scanned but no TLDs were found in them. Skipping unneeded JARs during scanning can improve startup time and JSP compilation time.
22-Jun-2023 19:58:39.602 INFO [main] org.apache.catalina.startup.HostConfig.deployDirectory Deployment of web application directory [C:\Users\Douglas\OneDrive\Documents\summer23\databases\apache-tomcat-10.0.23\apache-tomcat-10.0.23\webapps\frequentflyer] has finished in [1,406] ms
22-Jun-2023 19:58:39.604 INFO [main] org.apache.catalina.startup.HostConfig.deployDirectory Deploying web application directory [C:\Users\Douglas\OneDrive\Documents\summer23\databases\apache-tomcat-10.0.23\apache-tomcat-10.0.23\webapps\GetPassengeridsJSP]
22-Jun-2023 19:58:41.132 INFO [main] org.apache.jasper.servlet.TldScanner.scanJars At least one JAR was scanned for TLDs yet contained no TLDs. Enable debug logging for this logger for a complete list of JARs that were scanned but no TLDs were found in them. Skipping unneeded JARs during scanning can improve startup time and JSP compilation time.
22-Jun-2023 19:58:41.145 INFO [main] org.apache.catalina.startup.HostConfig.deployDirectory Deployment of web application directory [C:\Users\Douglas\OneDrive\Documents\summer23\databases\apache-tomcat-10.0.23\apache-tomcat-10.0.23\webapps\GetPassengeridsJSP] has finished in [1,541] ms
22-Jun-2023 19:58:41.147 INFO [main] org.apache.catalina.startup.HostConfig.deployDirectory Deploying web application directory [C:\Users\Douglas\OneDrive\Documents\summer23\databases\apache-tomcat-10.0.23\apache-tomcat-10.0.23\webapps\host-manager]
22-Jun-2023 19:58:42.626 INFO [main] org.apache.jasper.servlet.TldScanner.scanJars At least one JAR was scanned for TLDs yet contained no TLDs. Enable debug logging for this logger for a complete list of JARs that were scanned but no TLDs were found in them. Skipping unneeded JARs during scanning can improve startup time and JSP compilation time.
22-Jun-2023 19:58:42.657 INFO [main] org.apache.catalina.startup.HostConfig.deployDirectory Deployment of web application directory [C:\Users\Douglas\OneDrive\Documents\summer23\databases\apache-tomcat-10.0.23\apache-tomcat-10.0.23\webapps\host-manager] has finished in [1,510] ms
22-Jun-2023 19:58:42.659 INFO [main] org.apache.catalina.startup.HostConfig.deployDirectory Deploying web application directory [C:\Users\Douglas\OneDrive\Documents\summer23\databases\apache-tomcat-10.0.23\apache-tomcat-10.0.23\webapps\InfoJSP]
22-Jun-2023 19:58:43.868 INFO [main] org.apache.jasper.servlet.TldScanner.scanJars At least one JAR was scanned for TLDs yet contained no TLDs. Enable debug logging for this logger for a complete list of JARs that were scanned but no TLDs were found in them. Skipping unneeded JARs during scanning can improve startup time and JSP compilation time.
22-Jun-2023 19:58:43.879 INFO [main] org.apache.catalina.startup.HostConfig.deployDirectory Deployment of web application directory [C:\Users\Douglas\OneDrive\Documents\summer23\databases\apache-tomcat-10.0.23\apache-tomcat-10.0.23\webapps\InfoJSP] has finished in [1,221] ms
22-Jun-2023 19:58:43.881 INFO [main] org.apache.catalina.startup.HostConfig.deployDirectory Deploying web application directory [C:\Users\Douglas\OneDrive\Documents\summer23\databases\apache-tomcat-10.0.23\apache-tomcat-10.0.23\webapps\manager]
22-Jun-2023 19:58:45.202 INFO [main] org.apache.jasper.servlet.TldScanner.scanJars At least one JAR was scanned for TLDs yet contained no TLDs. Enable debug logging for this logger for a complete list of JARs that were scanned but no TLDs were found in them. Skipping unneeded JARs during scanning can improve startup time and JSP compilation time.
22-Jun-2023 19:58:45.215 INFO [main] org.apache.catalina.startup.HostConfig.deployDirectory Deployment of web application directory [C:\Users\Douglas\OneDrive\Documents\summer23\databases\apache-tomcat-10.0.23\apache-tomcat-10.0.23\webapps\manager] has finished in [1,335] ms
22-Jun-2023 19:58:45.217 INFO [main] org.apache.catalina.startup.HostConfig.deployDirectory Deploying web application directory [C:\Users\Douglas\OneDrive\Documents\summer23\databases\apache-tomcat-10.0.23\apache-tomcat-10.0.23\webapps\RedemptionDetailsJSP]
22-Jun-2023 19:58:46.485 INFO [main] org.apache.jasper.servlet.TldScanner.scanJars At least one JAR was scanned for TLDs yet contained no TLDs. Enable debug logging for this logger for a complete list of JARs that were scanned but no TLDs were found in them. Skipping unneeded JARs during scanning can improve startup time and JSP compilation time.
22-Jun-2023 19:58:46.497 INFO [main] org.apache.catalina.startup.HostConfig.deployDirectory Deployment of web application directory [C:\Users\Douglas\OneDrive\Documents\summer23\databases\apache-tomcat-10.0.23\apache-tomcat-10.0.23\webapps\RedemptionDetailsJSP] has finished in [1,281] ms
22-Jun-2023 19:58:46.499 INFO [main] org.apache.catalina.startup.HostConfig.deployDirectory Deploying web application directory [C:\Users\Douglas\OneDrive\Documents\summer23\databases\apache-tomcat-10.0.23\apache-tomcat-10.0.23\webapps\ROOT]
22-Jun-2023 19:58:47.922 INFO [main] org.apache.jasper.servlet.TldScanner.scanJars At least one JAR was scanned for TLDs yet contained no TLDs. Enable debug logging for this logger for a complete list of JARs that were scanned but no TLDs were found in them. Skipping unneeded JARs during scanning can improve startup time and JSP compilation time.
22-Jun-2023 19:58:47.938 INFO [main] org.apache.catalina.startup.HostConfig.deployDirectory Deployment of web application directory [C:\Users\Douglas\OneDrive\Documents\summer23\databases\apache-tomcat-10.0.23\apache-tomcat-10.0.23\webapps\ROOT] has finished in [1,438] ms
22-Jun-2023 19:58:47.949 INFO [main] org.apache.coyote.AbstractProtocol.start Starting ProtocolHandler ["http-nio-8080"]
22-Jun-2023 19:58:48.150 INFO [main] org.apache.catalina.startup.Catalina.start Server startup in [21841] milliseconds
22-Jun-2023 19:59:05.315 INFO [main] org.apache.catalina.core.StandardServer.await A valid shutdown command was received via the shutdown port. Stopping the Server instance.
22-Jun-2023 19:59:05.316 INFO [main] org.apache.coyote.AbstractProtocol.pause Pausing ProtocolHandler ["http-nio-8080"]
22-Jun-2023 19:59:05.348 INFO [main] org.apache.catalina.core.StandardService.stopInternal Stopping service [Catalina]
22-Jun-2023 19:59:05.523 INFO [main] org.apache.coyote.AbstractProtocol.stop Stopping ProtocolHandler ["http-nio-8080"]
22-Jun-2023 19:59:05.542 INFO [main] org.apache.coyote.AbstractProtocol.destroy Destroying ProtocolHandler ["http-nio-8080"]
22-Jun-2023 19:59:08.390 INFO [main] org.apache.catalina.startup.VersionLoggerListener.log Server version name:   Apache Tomcat/10.0.23
22-Jun-2023 19:59:08.399 INFO [main] org.apache.catalina.startup.VersionLoggerListener.log Server built:          Jul 14 2022 08:16:11 UTC
22-Jun-2023 19:59:08.400 INFO [main] org.apache.catalina.startup.VersionLoggerListener.log Server version number: 10.0.23.0
22-Jun-2023 19:59:08.400 INFO [main] org.apache.catalina.startup.VersionLoggerListener.log OS Name:               Windows 10
22-Jun-2023 19:59:08.401 INFO [main] org.apache.catalina.startup.VersionLoggerListener.log OS Version:            10.0
22-Jun-2023 19:59:08.402 INFO [main] org.apache.catalina.startup.VersionLoggerListener.log Architecture:          amd64
22-Jun-2023 19:59:08.403 INFO [main] org.apache.catalina.startup.VersionLoggerListener.log Java Home:             C:\Program Files\Java\jdk-19
22-Jun-2023 19:59:08.404 INFO [main] org.apache.catalina.startup.VersionLoggerListener.log JVM Version:           19.0.1+10-21
22-Jun-2023 19:59:08.404 INFO [main] org.apache.catalina.startup.VersionLoggerListener.log JVM Vendor:            Oracle Corporation
22-Jun-2023 19:59:08.405 INFO [main] org.apache.catalina.startup.VersionLoggerListener.log CATALINA_BASE:         C:\Users\Douglas\OneDrive\Documents\summer23\databases\apache-tomcat-10.0.23\apache-tomcat-10.0.23
22-Jun-2023 19:59:08.407 INFO [main] org.apache.catalina.startup.VersionLoggerListener.log CATALINA_HOME:         C:\Users\Douglas\OneDrive\Documents\summer23\databases\apache-tomcat-10.0.23\apache-tomcat-10.0.23
22-Jun-2023 19:59:08.421 INFO [main] org.apache.catalina.startup.VersionLoggerListener.log Command line argument: --add-opens=java.base/java.lang=ALL-UNNAMED
22-Jun-2023 19:59:08.425 INFO [main] org.apache.catalina.startup.VersionLoggerListener.log Command line argument: --add-opens=java.base/java.io=ALL-UNNAMED
22-Jun-2023 19:59:08.429 INFO [main] org.apache.catalina.startup.VersionLoggerListener.log Command line argument: --add-opens=java.base/java.util=ALL-UNNAMED
22-Jun-2023 19:59:08.429 INFO [main] org.apache.catalina.startup.VersionLoggerListener.log Command line argument: --add-opens=java.base/java.util.concurrent=ALL-UNNAMED
22-Jun-2023 19:59:08.429 INFO [main] org.apache.catalina.startup.VersionLoggerListener.log Command line argument: --add-opens=java.rmi/sun.rmi.transport=ALL-UNNAMED
22-Jun-2023 19:59:08.430 INFO [main] org.apache.catalina.startup.VersionLoggerListener.log Command line argument: -Djava.util.logging.config.file=C:\Users\Douglas\OneDrive\Documents\summer23\databases\apache-tomcat-10.0.23\apache-tomcat-10.0.23\conf\logging.properties
22-Jun-2023 19:59:08.432 INFO [main] org.apache.catalina.startup.VersionLoggerListener.log Command line argument: -Djava.util.logging.manager=org.apache.juli.ClassLoaderLogManager
22-Jun-2023 19:59:08.434 INFO [main] org.apache.catalina.startup.VersionLoggerListener.log Command line argument: -Djdk.tls.ephemeralDHKeySize=2048
22-Jun-2023 19:59:08.435 INFO [main] org.apache.catalina.startup.VersionLoggerListener.log Command line argument: -Djava.protocol.handler.pkgs=org.apache.catalina.webresources
22-Jun-2023 19:59:08.436 INFO [main] org.apache.catalina.startup.VersionLoggerListener.log Command line argument: -Dignore.endorsed.dirs=
22-Jun-2023 19:59:08.437 INFO [main] org.apache.catalina.startup.VersionLoggerListener.log Command line argument: -Dcatalina.base=C:\Users\Douglas\OneDrive\Documents\summer23\databases\apache-tomcat-10.0.23\apache-tomcat-10.0.23
22-Jun-2023 19:59:08.448 INFO [main] org.apache.catalina.startup.VersionLoggerListener.log Command line argument: -Dcatalina.home=C:\Users\Douglas\OneDrive\Documents\summer23\databases\apache-tomcat-10.0.23\apache-tomcat-10.0.23
22-Jun-2023 19:59:08.449 INFO [main] org.apache.catalina.startup.VersionLoggerListener.log Command line argument: -Djava.io.tmpdir=C:\Users\Douglas\OneDrive\Documents\summer23\databases\apache-tomcat-10.0.23\apache-tomcat-10.0.23\temp
22-Jun-2023 19:59:08.477 INFO [main] org.apache.catalina.core.AprLifecycleListener.lifecycleEvent The Apache Tomcat Native library which allows using OpenSSL was not found on the java.library.path: [C:\Program Files\Java\jdk-19\bin;C:\WINDOWS\Sun\Java\bin;C:\WINDOWS\system32;C:\WINDOWS;C:\Program Files\Java\jdk-19\bin;C:\oraclexe\app\oracle\product\11.2.0\server\bin;C:\WINDOWS\system32;C:\WINDOWS;C:\WINDOWS\System32\Wbem;C:\WINDOWS\System32\WindowsPowerShell\v1.0\;C:\WINDOWS\System32\OpenSSH\;C:\Gradle\gradle-6.3\bin;C:\MinGW\bin;C:\Program Files\Microsoft SQL Server\150\Tools\Binn\;C:\Program Files\dotnet\;C:\Users\Douglas\Documents\FFMPEG\ffmpeg-6.0-essentials_build\bin;C:\Program Files\Git\cmd;C:\Users\Douglas\AppData\Local\Programs\Python\Python310\Scripts\;C:\Users\Douglas\AppData\Local\Programs\Python\Python310\;C:\Users\Douglas\AppData\Local\Programs\Python\Python311\Scripts\;C:\Users\Douglas\AppData\Local\Programs\Python\Python311\;C:\Users\Douglas\.cargo\bin;C:\Users\Douglas\anaconda3;C:\Users\Douglas\anaconda3\Library\mingw-w64\bin;C:\Users\Douglas\anaconda3\Library\usr\bin;C:\Users\Douglas\anaconda3\Library\bin;C:\Users\Douglas\anaconda3\Scripts;C:\Users\Douglas\AppData\Local\Programs\Python\Python39\Scripts\;C:\Users\Douglas\AppData\Local\Programs\Python\Python39\;C:\Users\Douglas\AppData\Local\Microsoft\WindowsApps;C:\Users\Douglas\AppData\Roaming\Dashlane\6.1907.0.17833\bin\Firefox_Extension\{442718d9-475e-452a-b3e1-fb1ee16b8e9f}\components;C:\Users\Douglas\AppData\Roaming\Dashlane\6.1907.0.17833\ucrt;C:\Users\Douglas\AppData\Roaming\Dashlane\6.1907.0.17833\bin\Qt;C:\Users\Douglas\AppData\Roaming\Dashlane\6.1907.0.17833\bin\Ssl;C:\Program Files\JetBrains\IntelliJ IDEA Community Edition 2020.1.4\bin;C:\Users\Douglas\AppData\Local\Microsoft\WindowsApps;C:\Program Files\heroku\bin;C:\Users\Douglas\AppData\Local\GitHubDesktop\bin;C:\Users\Douglas\go\bin;C:\Users\Douglas\go\bin;C:\Users\Douglas\AppData\Local\Programs\Microsoft VS Code\bin;C:\Program Files\Java\jd;C:\Program Files\JetBrains\PyCharm Community Edition 2022.3.2\bin;;C:\Users\Douglas\AppData\Local\Programs\Julia-1.8.5\bin;C:\Python27;C:\Users\Douglas\.dotnet\tools;.]
22-Jun-2023 19:59:09.464 INFO [main] org.apache.coyote.AbstractProtocol.init Initializing ProtocolHandler ["http-nio-8080"]
22-Jun-2023 19:59:09.518 INFO [main] org.apache.catalina.startup.Catalina.load Server initialization in [1462] milliseconds
22-Jun-2023 19:59:09.596 INFO [main] org.apache.catalina.core.StandardService.startInternal Starting service [Catalina]
22-Jun-2023 19:59:09.597 INFO [main] org.apache.catalina.core.StandardEngine.startInternal Starting Servlet engine: [Apache Tomcat/10.0.23]
22-Jun-2023 19:59:09.621 INFO [main] org.apache.catalina.startup.HostConfig.deployDirectory Deploying web application directory [C:\Users\Douglas\OneDrive\Documents\summer23\databases\apache-tomcat-10.0.23\apache-tomcat-10.0.23\webapps\AwardIdsJSP]
22-Jun-2023 19:59:11.442 INFO [main] org.apache.jasper.servlet.TldScanner.scanJars At least one JAR was scanned for TLDs yet contained no TLDs. Enable debug logging for this logger for a complete list of JARs that were scanned but no TLDs were found in them. Skipping unneeded JARs during scanning can improve startup time and JSP compilation time.
22-Jun-2023 19:59:11.603 INFO [main] org.apache.catalina.startup.HostConfig.deployDirectory Deployment of web application directory [C:\Users\Douglas\OneDrive\Documents\summer23\databases\apache-tomcat-10.0.23\apache-tomcat-10.0.23\webapps\AwardIdsJSP] has finished in [1,982] ms
22-Jun-2023 19:59:11.604 INFO [main] org.apache.catalina.startup.HostConfig.deployDirectory Deploying web application directory [C:\Users\Douglas\OneDrive\Documents\summer23\databases\apache-tomcat-10.0.23\apache-tomcat-10.0.23\webapps\docs]
22-Jun-2023 19:59:12.607 INFO [main] org.apache.jasper.servlet.TldScanner.scanJars At least one JAR was scanned for TLDs yet contained no TLDs. Enable debug logging for this logger for a complete list of JARs that were scanned but no TLDs were found in them. Skipping unneeded JARs during scanning can improve startup time and JSP compilation time.
22-Jun-2023 19:59:12.615 INFO [main] org.apache.catalina.startup.HostConfig.deployDirectory Deployment of web application directory [C:\Users\Douglas\OneDrive\Documents\summer23\databases\apache-tomcat-10.0.23\apache-tomcat-10.0.23\webapps\docs] has finished in [1,010] ms
22-Jun-2023 19:59:12.616 INFO [main] org.apache.catalina.startup.HostConfig.deployDirectory Deploying web application directory [C:\Users\Douglas\OneDrive\Documents\summer23\databases\apache-tomcat-10.0.23\apache-tomcat-10.0.23\webapps\examples]
22-Jun-2023 19:59:14.150 INFO [main] org.apache.jasper.servlet.TldScanner.scanJars At least one JAR was scanned for TLDs yet contained no TLDs. Enable debug logging for this logger for a complete list of JARs that were scanned but no TLDs were found in them. Skipping unneeded JARs during scanning can improve startup time and JSP compilation time.
22-Jun-2023 19:59:14.301 INFO [main] org.apache.catalina.startup.HostConfig.deployDirectory Deployment of web application directory [C:\Users\Douglas\OneDrive\Documents\summer23\databases\apache-tomcat-10.0.23\apache-tomcat-10.0.23\webapps\examples] has finished in [1,685] ms
22-Jun-2023 19:59:14.301 INFO [main] org.apache.catalina.startup.HostConfig.deployDirectory Deploying web application directory [C:\Users\Douglas\OneDrive\Documents\summer23\databases\apache-tomcat-10.0.23\apache-tomcat-10.0.23\webapps\FlightDetailsJSP]
22-Jun-2023 19:59:15.172 INFO [main] org.apache.jasper.servlet.TldScanner.scanJars At least one JAR was scanned for TLDs yet contained no TLDs. Enable debug logging for this logger for a complete list of JARs that were scanned but no TLDs were found in them. Skipping unneeded JARs during scanning can improve startup time and JSP compilation time.
22-Jun-2023 19:59:15.194 INFO [main] org.apache.catalina.startup.HostConfig.deployDirectory Deployment of web application directory [C:\Users\Douglas\OneDrive\Documents\summer23\databases\apache-tomcat-10.0.23\apache-tomcat-10.0.23\webapps\FlightDetailsJSP] has finished in [893] ms
22-Jun-2023 19:59:15.197 INFO [main] org.apache.catalina.startup.HostConfig.deployDirectory Deploying web application directory [C:\Users\Douglas\OneDrive\Documents\summer23\databases\apache-tomcat-10.0.23\apache-tomcat-10.0.23\webapps\FlightsJSP]
22-Jun-2023 19:59:16.494 INFO [main] org.apache.jasper.servlet.TldScanner.scanJars At least one JAR was scanned for TLDs yet contained no TLDs. Enable debug logging for this logger for a complete list of JARs that were scanned but no TLDs were found in them. Skipping unneeded JARs during scanning can improve startup time and JSP compilation time.
22-Jun-2023 19:59:16.506 INFO [main] org.apache.catalina.startup.HostConfig.deployDirectory Deployment of web application directory [C:\Users\Douglas\OneDrive\Documents\summer23\databases\apache-tomcat-10.0.23\apache-tomcat-10.0.23\webapps\FlightsJSP] has finished in [1,308] ms
22-Jun-2023 19:59:16.507 INFO [main] org.apache.catalina.startup.HostConfig.deployDirectory Deploying web application directory [C:\Users\Douglas\OneDrive\Documents\summer23\databases\apache-tomcat-10.0.23\apache-tomcat-10.0.23\webapps\frequentflier]
22-Jun-2023 19:59:18.053 INFO [main] org.apache.jasper.servlet.TldScanner.scanJars At least one JAR was scanned for TLDs yet contained no TLDs. Enable debug logging for this logger for a complete list of JARs that were scanned but no TLDs were found in them. Skipping unneeded JARs during scanning can improve startup time and JSP compilation time.
22-Jun-2023 19:59:18.071 INFO [main] org.apache.catalina.startup.HostConfig.deployDirectory Deployment of web application directory [C:\Users\Douglas\OneDrive\Documents\summer23\databases\apache-tomcat-10.0.23\apache-tomcat-10.0.23\webapps\frequentflier] has finished in [1,564] ms
22-Jun-2023 19:59:18.073 INFO [main] org.apache.catalina.startup.HostConfig.deployDirectory Deploying web application directory [C:\Users\Douglas\OneDrive\Documents\summer23\databases\apache-tomcat-10.0.23\apache-tomcat-10.0.23\webapps\GetPassengeridsJSP]
22-Jun-2023 19:59:19.507 INFO [main] org.apache.jasper.servlet.TldScanner.scanJars At least one JAR was scanned for TLDs yet contained no TLDs. Enable debug logging for this logger for a complete list of JARs that were scanned but no TLDs were found in them. Skipping unneeded JARs during scanning can improve startup time and JSP compilation time.
22-Jun-2023 19:59:19.529 INFO [main] org.apache.catalina.startup.HostConfig.deployDirectory Deployment of web application directory [C:\Users\Douglas\OneDrive\Documents\summer23\databases\apache-tomcat-10.0.23\apache-tomcat-10.0.23\webapps\GetPassengeridsJSP] has finished in [1,456] ms
22-Jun-2023 19:59:19.531 INFO [main] org.apache.catalina.startup.HostConfig.deployDirectory Deploying web application directory [C:\Users\Douglas\OneDrive\Documents\summer23\databases\apache-tomcat-10.0.23\apache-tomcat-10.0.23\webapps\host-manager]
22-Jun-2023 19:59:21.179 INFO [main] org.apache.jasper.servlet.TldScanner.scanJars At least one JAR was scanned for TLDs yet contained no TLDs. Enable debug logging for this logger for a complete list of JARs that were scanned but no TLDs were found in them. Skipping unneeded JARs during scanning can improve startup time and JSP compilation time.
22-Jun-2023 19:59:21.203 INFO [main] org.apache.catalina.startup.HostConfig.deployDirectory Deployment of web application directory [C:\Users\Douglas\OneDrive\Documents\summer23\databases\apache-tomcat-10.0.23\apache-tomcat-10.0.23\webapps\host-manager] has finished in [1,671] ms
22-Jun-2023 19:59:21.204 INFO [main] org.apache.catalina.startup.HostConfig.deployDirectory Deploying web application directory [C:\Users\Douglas\OneDrive\Documents\summer23\databases\apache-tomcat-10.0.23\apache-tomcat-10.0.23\webapps\InfoJSP]
22-Jun-2023 19:59:22.607 INFO [main] org.apache.jasper.servlet.TldScanner.scanJars At least one JAR was scanned for TLDs yet contained no TLDs. Enable debug logging for this logger for a complete list of JARs that were scanned but no TLDs were found in them. Skipping unneeded JARs during scanning can improve startup time and JSP compilation time.
22-Jun-2023 19:59:22.625 INFO [main] org.apache.catalina.startup.HostConfig.deployDirectory Deployment of web application directory [C:\Users\Douglas\OneDrive\Documents\summer23\databases\apache-tomcat-10.0.23\apache-tomcat-10.0.23\webapps\InfoJSP] has finished in [1,420] ms
22-Jun-2023 19:59:22.627 INFO [main] org.apache.catalina.startup.HostConfig.deployDirectory Deploying web application directory [C:\Users\Douglas\OneDrive\Documents\summer23\databases\apache-tomcat-10.0.23\apache-tomcat-10.0.23\webapps\manager]
22-Jun-2023 19:59:24.144 INFO [main] org.apache.jasper.servlet.TldScanner.scanJars At least one JAR was scanned for TLDs yet contained no TLDs. Enable debug logging for this logger for a complete list of JARs that were scanned but no TLDs were found in them. Skipping unneeded JARs during scanning can improve startup time and JSP compilation time.
22-Jun-2023 19:59:24.158 INFO [main] org.apache.catalina.startup.HostConfig.deployDirectory Deployment of web application directory [C:\Users\Douglas\OneDrive\Documents\summer23\databases\apache-tomcat-10.0.23\apache-tomcat-10.0.23\webapps\manager] has finished in [1,533] ms
22-Jun-2023 19:59:24.161 INFO [main] org.apache.catalina.startup.HostConfig.deployDirectory Deploying web application directory [C:\Users\Douglas\OneDrive\Documents\summer23\databases\apache-tomcat-10.0.23\apache-tomcat-10.0.23\webapps\RedemptionDetailsJSP]
22-Jun-2023 19:59:25.514 INFO [main] org.apache.jasper.servlet.TldScanner.scanJars At least one JAR was scanned for TLDs yet contained no TLDs. Enable debug logging for this logger for a complete list of JARs that were scanned but no TLDs were found in them. Skipping unneeded JARs during scanning can improve startup time and JSP compilation time.
22-Jun-2023 19:59:25.525 INFO [main] org.apache.catalina.startup.HostConfig.deployDirectory Deployment of web application directory [C:\Users\Douglas\OneDrive\Documents\summer23\databases\apache-tomcat-10.0.23\apache-tomcat-10.0.23\webapps\RedemptionDetailsJSP] has finished in [1,366] ms
22-Jun-2023 19:59:25.527 INFO [main] org.apache.catalina.startup.HostConfig.deployDirectory Deploying web application directory [C:\Users\Douglas\OneDrive\Documents\summer23\databases\apache-tomcat-10.0.23\apache-tomcat-10.0.23\webapps\ROOT]
22-Jun-2023 19:59:27.200 INFO [main] org.apache.jasper.servlet.TldScanner.scanJars At least one JAR was scanned for TLDs yet contained no TLDs. Enable debug logging for this logger for a complete list of JARs that were scanned but no TLDs were found in them. Skipping unneeded JARs during scanning can improve startup time and JSP compilation time.
22-Jun-2023 19:59:27.221 INFO [main] org.apache.catalina.startup.HostConfig.deployDirectory Deployment of web application directory [C:\Users\Douglas\OneDrive\Documents\summer23\databases\apache-tomcat-10.0.23\apache-tomcat-10.0.23\webapps\ROOT] has finished in [1,694] ms
22-Jun-2023 19:59:27.233 INFO [main] org.apache.coyote.AbstractProtocol.start Starting ProtocolHandler ["http-nio-8080"]
22-Jun-2023 19:59:27.531 INFO [main] org.apache.catalina.startup.Catalina.start Server startup in [18007] milliseconds
22-Jun-2023 19:59:59.654 INFO [main] org.apache.catalina.core.StandardServer.await A valid shutdown command was received via the shutdown port. Stopping the Server instance.
22-Jun-2023 19:59:59.655 INFO [main] org.apache.coyote.AbstractProtocol.pause Pausing ProtocolHandler ["http-nio-8080"]
22-Jun-2023 19:59:59.679 INFO [main] org.apache.catalina.core.StandardService.stopInternal Stopping service [Catalina]
22-Jun-2023 19:59:59.781 WARNING [main] org.apache.catalina.loader.WebappClassLoaderBase.clearReferencesThreads The web application [frequentflier] appears to have started a thread named [oracle.jdbc.driver.BlockSource.ThreadedCachingBlockSource.BlockReleaser] but has failed to stop it. This is very likely to create a memory leak. Stack trace of thread:
 java.base/java.lang.Object.wait0(Native Method)
 java.base/java.lang.Object.wait(Object.java:366)
 oracle.jdbc.driver.BlockSource$ThreadedCachingBlockSource$BlockReleaser.run(BlockSource.java:331)
22-Jun-2023 19:59:59.783 WARNING [main] org.apache.catalina.loader.WebappClassLoaderBase.clearReferencesThreads The web application [frequentflier] appears to have started a thread named [InterruptTimer] but has failed to stop it. This is very likely to create a memory leak. Stack trace of thread:
 java.base/java.lang.Object.wait0(Native Method)
 java.base/java.lang.Object.wait(Object.java:366)
 java.base/java.util.TimerThread.mainLoop(Timer.java:563)
 java.base/java.util.TimerThread.run(Timer.java:516)
22-Jun-2023 19:59:59.851 INFO [main] org.apache.coyote.AbstractProtocol.stop Stopping ProtocolHandler ["http-nio-8080"]
22-Jun-2023 19:59:59.864 INFO [main] org.apache.coyote.AbstractProtocol.destroy Destroying ProtocolHandler ["http-nio-8080"]
